<?xml version="1.0" encoding="UTF-8"?>
<!-- Generated by org.testng.reporters.JUnitReportReporter -->
<testsuite hostname="DESKTOP-T8JE89P" failures="0" tests="1" name="com.ui.test.DashBoardPageTest" time="30.212" errors="0" timestamp="2024-09-08T03:44:30 IST" skipped="0">
  <testcase classname="com.ui.test.DashBoardPageTest" name="verifyForTextPreseny" time="30.212"/>
  <system-out/>
</testsuite> <!-- com.ui.test.DashBoardPageTest -->
