<?xml version="1.0" encoding="UTF-8"?>
<!-- Generated by org.testng.reporters.JUnitReportReporter -->
<testsuite hostname="DESKTOP-T8JE89P" failures="0" tests="1" name="com.ui.test.LoginTest" time="27.325" errors="0" timestamp="2024-09-08T02:50:09 IST" skipped="0">
  <testcase classname="com.ui.test.LoginTest" name="verifyUserLogin" time="27.325"/>
  <system-out/>
</testsuite> <!-- com.ui.test.LoginTest -->
