<?xml version="1.0" encoding="UTF-8"?>
<!-- Generated by org.testng.reporters.JUnitReportReporter -->
<testsuite hostname="DESKTOP-T8JE89P" failures="0" tests="1" name="com.ui.test.DashBoardPageTest" time="31.780" errors="0" timestamp="2024-09-10T01:33:30 IST" skipped="0">
  <testcase classname="com.ui.test.DashBoardPageTest" name="verifyForTextPreseny" time="31.780"/>
  <system-out/>
</testsuite> <!-- com.ui.test.DashBoardPageTest -->
