<?xml version="1.0" encoding="UTF-8"?>
<!-- Generated by org.testng.reporters.JUnitReportReporter -->
<testsuite hostname="DESKTOP-T8JE89P" failures="0" tests="1" name="com.ui.test.LoginTestWithCsv" time="0.000" errors="0" timestamp="2024-09-15T20:39:11 IST" skipped="1">
  <testcase classname="com.ui.test.LoginTestWithCsv" name="verifyUserLogin" time="0.000">
    <skipped/>
  </testcase> <!-- verifyUserLogin -->
  <system-out/>
</testsuite> <!-- com.ui.test.LoginTestWithCsv -->
